\BOOKMARK [-1][]{ctitle.-1}{\376\377\117\140\166\204\150\007\230\230}{}% 1
\BOOKMARK [0][]{tongjichapter.1.0}{\376\377\144\130\000\040\211\201}{ctitle.-1}% 2
\BOOKMARK [0][]{tongjichapter.2.0}{\376\377\000A\000b\000s\000t\000r\000a\000c\000t}{ctitle.-1}% 3
\BOOKMARK [0][]{tongjichapter.3.0}{\376\377\166\356\137\125}{ctitle.-1}% 4
\BOOKMARK [0][]{tongjichapter.4.0}{\376\377\116\073\211\201\173\046\123\367\133\371\161\147\210\150}{ctitle.-1}% 5
\BOOKMARK [0][]{chapter.1}{\376\377\173\054\000\040\0001\000\040\172\340\000\040\137\025\212\000}{ctitle.-1}% 6
\BOOKMARK [1][-]{section.1.1}{\376\377\0001\000.\0001\000\040\200\314\146\157\116\313\176\315}{chapter.1}% 7
\BOOKMARK [1][-]{section.1.2}{\376\377\0001\000.\0002\000\040\213\376\230\230\166\204\116\073\211\201\135\345\117\134}{chapter.1}% 8
\BOOKMARK [0][]{chapter.2}{\376\377\173\054\000\040\0002\000\040\172\340\000\040\145\271\154\325\176\374\217\360\116\016\142\200\147\057\173\200\116\313}{ctitle.-1}% 9
\BOOKMARK [1][-]{section.2.1}{\376\377\0002\000.\0001\000\040\150\021\147\050\136\372\152\041\145\271\154\325\176\374\217\360}{chapter.2}% 10
\BOOKMARK [1][-]{section.2.2}{\376\377\0002\000.\0002\000\040\127\372\116\216\131\032\137\040\126\376\120\317\166\204\116\011\176\364\221\315\136\372\145\271\154\325\173\200\116\313}{chapter.2}% 11
\BOOKMARK [1][-]{section.2.3}{\376\377\0002\000.\0003\000\040\127\372\116\216\160\271\116\221\166\204\232\250\147\266\142\275\123\326\145\271\154\325\176\374\217\360}{chapter.2}% 12
\BOOKMARK [0][]{chapter.3}{\376\377\173\054\000\040\0003\000\040\172\340\000\040\127\372\116\216\126\376\120\317\166\204\150\021\147\050\217\173\221\317\123\026\0003\000D\136\372\152\041\145\271\154\325}{ctitle.-1}% 13
\BOOKMARK [1][-]{section.3.1}{\376\377\0003\000.\0001\000\040\142\200\147\057\215\357\176\277}{chapter.3}% 14
\BOOKMARK [2][-]{subsection.3.1.1}{\376\377\0003\000.\0001\000.\0001\000\040\127\372\116\216\145\071\217\333\166\204\000P\000y\000r\000L\000K\121\111\155\101\154\325\166\204\126\376\120\317\162\171\137\201\123\071\221\115}{section.3.1}% 15
\BOOKMARK [2][-]{subsection.3.1.2}{\376\377\0003\000.\0001\000.\0002\000\040\116\011\176\364\221\315\136\372}{section.3.1}% 16
\BOOKMARK [2][-]{subsection.3.1.3}{\376\377\0003\000.\0001\000.\0003\000\040\127\372\116\216\116\011\176\364\117\123\175\040\154\333\155\052\116\016\176\277\140\047\142\337\124\010\166\204\116\011\176\364\150\021\147\050\232\250\147\266\142\275\123\326}{section.3.1}% 17
\BOOKMARK [2][-]{subsection.3.1.4}{\376\377\0003\000.\0001\000.\0004\000\040\127\372\116\216\165\050\142\067\116\244\116\222\166\204\152\041\127\213\145\071\125\204\116\016\217\173\221\317\123\026}{section.3.1}% 18
\BOOKMARK [2][-]{subsection.3.1.5}{\376\377\0003\000.\0001\000.\0005\000\040\136\372\152\041\215\050\221\317\213\304\117\060}{section.3.1}% 19
\BOOKMARK [1][-]{section.3.2}{\376\377\0003\000.\0002\000\040\142\200\147\057\215\357\176\277\126\376}{chapter.3}% 20
\BOOKMARK [0][]{chapter.4}{\376\377\173\054\000\040\0004\000\040\172\340\000\040\127\372\116\216\126\376\120\317\150\021\147\050\217\173\221\317\123\026\136\372\152\041\166\204\202\345\136\162\173\227\154\325}{ctitle.-1}% 21
\BOOKMARK [1][-]{section.4.1}{\376\377\0004\000.\0001\000\040\127\372\116\216\145\071\217\333\166\204\000P\000y\000r\000L\000K\121\111\155\101\154\325\166\204\162\171\137\201\160\271\123\071\221\115\145\271\154\325}{chapter.4}% 22
\BOOKMARK [2][-]{subsection.4.1.1}{\376\377\0004\000.\0001\000.\0001\000\040\133\371\116\216\000S\000I\000F\000T\162\171\137\201\160\271\123\071\221\115\166\204\134\035\213\325}{section.4.1}% 23
\BOOKMARK [2][-]{subsection.4.1.2}{\376\377\0004\000.\0001\000.\0002\000\040\127\372\116\216\000P\000y\000r\000L\000K\121\111\155\101\154\325\166\204\162\171\137\201\160\271\123\071\221\115}{section.4.1}% 24
\BOOKMARK [2][-]{subsection.4.1.3}{\376\377\0004\000.\0001\000.\0003\000\040\145\071\217\333\166\204\000P\000y\000r\000L\000K\121\111\155\101\154\325}{section.4.1}% 25
\BOOKMARK [2][-]{subsection.4.1.4}{\376\377\0004\000.\0001\000.\0004\000\040\127\372\116\216\145\071\217\333\000P\000y\000r\000L\000K\121\111\155\101\154\325\166\204\116\011\176\364\221\315\136\372}{section.4.1}% 26
\BOOKMARK [1][-]{section.4.2}{\376\377\0004\000.\0002\000\040\127\372\116\216\116\011\176\364\117\123\175\040\154\333\155\052\116\016\176\277\140\047\142\337\124\010\166\204\116\011\176\364\150\021\147\050\232\250\147\266\142\275\123\326}{chapter.4}% 27
\BOOKMARK [2][-]{subsection.4.2.1}{\376\377\0004\000.\0002\000.\0001\000\040\116\011\176\364\117\123\175\040\152\041\127\213}{section.4.2}% 28
\BOOKMARK [2][-]{subsection.4.2.2}{\376\377\0004\000.\0002\000.\0002\000\040\116\011\176\364\117\123\175\040\154\333\155\052\170\156\133\232\220\273\127\337\203\003\126\364}{section.4.2}% 29
\BOOKMARK [2][-]{subsection.4.2.3}{\376\377\0004\000.\0002\000.\0003\000\040\220\032\217\307\142\337\124\010\170\156\133\232\122\006\145\057}{section.4.2}% 30
\BOOKMARK [2][-]{subsection.4.2.4}{\376\377\0004\000.\0002\000.\0004\000\040\123\112\137\204\140\016\116\110\143\242\175\042\377\037\377\037}{section.4.2}% 31
\BOOKMARK [1][-]{section.4.3}{\376\377\0004\000.\0003\000\040\127\372\116\216\147\235\136\162\124\010\136\166\166\204\217\173\221\317\123\026\131\004\164\006}{chapter.4}% 32
\BOOKMARK [2][-]{subsection.4.3.1}{\376\377\0004\000.\0003\000.\0001\000\040\000L\000-\000S\000y\000s\000t\000e\000m\166\204\134\035\213\325}{section.4.3}% 33
\BOOKMARK [3][-]{subsubsection.4.3.1.1}{\376\377\0004\000.\0003\000.\0001\000.\0001\000\040\000L\000-\000S\000y\000s\000t\000e\000m\173\200\116\313}{subsection.4.3.1}% 34
\BOOKMARK [3][-]{subsubsection.4.3.1.2}{\376\377\0004\000.\0003\000.\0001\000.\0002\000\040\150\021\147\050\152\041\127\213\166\204\123\302\145\160\123\026\000L\000-\000S\000y\000s\000t\000e\000m\211\304\122\031\142\275\123\326}{subsection.4.3.1}% 35
\BOOKMARK [3][-]{subsubsection.4.3.1.3}{\376\377\0004\000.\0003\000.\0001\000.\0003\000\040\117\177\165\050\000L\000-\000S\000y\000s\000t\000e\000m\217\333\210\114\150\021\147\050\217\173\221\317\123\026\136\372\152\041\220\107\122\060\166\204\225\356\230\230}{subsection.4.3.1}% 36
\BOOKMARK [2][-]{subsection.4.3.2}{\376\377\0004\000.\0003\000.\0002\000\040\150\021\147\050\217\173\221\317\123\026\377\037\147\235\136\162\124\010\136\166\377\001}{section.4.3}% 37
\BOOKMARK [1][-]{section.4.4}{\376\377\0004\000.\0004\000\040\136\372\152\041\215\050\221\317\213\304\117\060\173\227\154\325}{chapter.4}% 38
\BOOKMARK [1][-]{section.4.5}{\376\377\0004\000.\0005\000\040\147\054\172\340\134\017\202\202}{chapter.4}% 39
\BOOKMARK [0][]{chapter.5}{\376\377\173\054\000\040\0005\000\040\172\340\000\040\133\236\232\214\217\307\172\013\116\016\122\006\147\220}{ctitle.-1}% 40
\BOOKMARK [1][-]{section.5.1}{\376\377\0005\000.\0001\000\040\133\236\232\214\163\257\130\203}{chapter.5}% 41
\BOOKMARK [1][-]{section.5.2}{\376\377\0005\000.\0002\000\040\133\236\232\214\176\323\147\234\116\016\122\006\147\220}{chapter.5}% 42
\BOOKMARK [0][]{chapter.6}{\376\377\173\054\000\040\0006\000\040\172\340\000\040\140\073\176\323\116\016\134\125\147\033}{ctitle.-1}% 43
\BOOKMARK [1][-]{section.6.1}{\376\377\0006\000.\0001\000\040\140\073\176\323}{chapter.6}% 44
\BOOKMARK [1][-]{section.6.2}{\376\377\0006\000.\0002\000\040\147\052\147\145\166\204\135\345\117\134}{chapter.6}% 45
\BOOKMARK [0][]{section*.16}{\376\377\201\364\000\040\214\042}{ctitle.-1}% 46
\BOOKMARK [0][]{section*.18}{\376\377\123\302\200\003\145\207\163\056}{ctitle.-1}% 47
\BOOKMARK [0][]{appendix.A}{\376\377\226\104\137\125\000\040\000\040\131\026\145\207\215\104\145\231\123\237\145\207}{ctitle.-1}% 48
\BOOKMARK [1][-]{section.A.1}{\376\377\000A\000.\0001\000\040\000S\000i\000n\000g\000l\000e\000-\000O\000b\000j\000e\000c\000t\000i\000v\000e\000\040\000P\000r\000o\000g\000r\000a\000m\000m\000i\000n\000g}{appendix.A}% 49
\BOOKMARK [2][-]{subsection.A.1.1}{\376\377\000A\000.\0001\000.\0001\000\040\000L\000i\000n\000e\000a\000r\000\040\000P\000r\000o\000g\000r\000a\000m\000m\000i\000n\000g}{section.A.1}% 50
\BOOKMARK [2][-]{subsection.A.1.2}{\376\377\000A\000.\0001\000.\0002\000\040\000N\000o\000n\000l\000i\000n\000e\000a\000r\000\040\000P\000r\000o\000g\000r\000a\000m\000m\000i\000n\000g}{section.A.1}% 51
\BOOKMARK [2][-]{subsection.A.1.3}{\376\377\000A\000.\0001\000.\0003\000\040\000I\000n\000t\000e\000g\000e\000r\000\040\000P\000r\000o\000g\000r\000a\000m\000m\000i\000n\000g}{section.A.1}% 52
\BOOKMARK [0][]{appendix.B}{\376\377\226\104\137\125\000\040\000\040\131\026\145\207\215\104\145\231\166\204\214\003\170\024\226\005\213\373\142\245\124\112\142\026\116\146\227\142\177\373\213\321}{ctitle.-1}% 53
\BOOKMARK [1][-]{section.B.1}{\376\377\000B\000.\0001\000\040\123\125\166\356\150\007\211\304\122\022}{appendix.B}% 54
\BOOKMARK [2][-]{subsection.B.1.1}{\376\377\000B\000.\0001\000.\0001\000\040\176\277\140\047\211\304\122\022}{section.B.1}% 55
\BOOKMARK [2][-]{subsection.B.1.2}{\376\377\000B\000.\0001\000.\0002\000\040\227\136\176\277\140\047\211\304\122\022}{section.B.1}% 56
\BOOKMARK [2][-]{subsection.B.1.3}{\376\377\000B\000.\0001\000.\0003\000\040\145\164\145\160\211\304\122\022}{section.B.1}% 57
\BOOKMARK [0][]{appendix.C}{\376\377\226\104\137\125\000\040\000\040\121\166\133\203\226\104\137\125}{ctitle.-1}% 58
\BOOKMARK [1][-]{section.C.1}{\376\377\000C\000.\0001\000\040\155\113\213\325\226\104\137\125}{appendix.C}% 59
\BOOKMARK [0][]{section*.29}{\376\377\116\052\116\272\173\200\123\206\060\001\127\050\133\146\147\037\225\364\123\321\210\150\166\204\133\146\147\057\213\272\145\207\116\016\170\024\172\166\142\020\147\234}{ctitle.-1}% 60
